<?xml version="1.0" encoding="UTF-8"?>
<!-- Generated by org.testng.reporters.JUnitReportReporter -->
<testsuite hostname="DESKTOP-J30HNPS" failures="0" tests="1" name="tests.Pages.Profile.SettingsTest" time="0.000" errors="0" timestamp="2023-10-19T10:46:43 EEST" skipped="1">
  <testcase classname="tests.Pages.Profile.SettingsTest" name="Settings" time="0.000">
    <skipped/>
  </testcase> <!-- Settings -->
</testsuite> <!-- tests.Pages.Profile.SettingsTest -->
